app05_Handler2/build/outputs/logs/manifest-merger-debug-report.txt
-- Merging decision tree log ---
manifest
ADDED from src\main\AndroidManifest.xml:2:1-31:12
	xmlns:android
		ADDED from src\main\AndroidManifest.xml:2:11-69
	package
		ADDED from src\main\AndroidManifest.xml:3:5-40
		INJECTED from src\main\AndroidManifest.xml
		INJECTED from src\main\AndroidManifest.xml
	android:versionName
		ADDED from src\main\AndroidManifest.xml:5:5-30
		INJECTED from src\main\AndroidManifest.xml
		INJECTED from src\main\AndroidManifest.xml
	android:versionCode
		ADDED from src\main\AndroidManifest.xml:4:5-28
		INJECTED from src\main\AndroidManifest.xml
		INJECTED from src\main\AndroidManifest.xml
uses-sdk
ADDED from src\main\AndroidManifest.xml:7:5-9:41
	android:targetSdkVersion
		ADDED from src\main\AndroidManifest.xml:9:9-38
		INJECTED from src\main\AndroidManifest.xml
		INJECTED from src\main\AndroidManifest.xml
	android:minSdkVersion
		ADDED from src\main\AndroidManifest.xml:8:9-35
		INJECTED from src\main\AndroidManifest.xml
		INJECTED from src\main\AndroidManifest.xml
uses-permission#android.permission.INTERNET
ADDED from src\main\AndroidManifest.xml:12:5-67
	android:name
		ADDED from src\main\AndroidManifest.xml:12:22-64
uses-permission#android.permission.WRITE_EXTERNAL_STORAGE
ADDED from src\main\AndroidManifest.xml:14:5-81
	android:name
		ADDED from src\main\AndroidManifest.xml:14:22-78
application
ADDED from src\main\AndroidManifest.xml:16:5-29:19
	android:label
		ADDED from src\main\AndroidManifest.xml:19:9-41
	android:allowBackup
		ADDED from src\main\AndroidManifest.xml:17:9-35
	android:icon
		ADDED from src\main\AndroidManifest.xml:18:9-45
	android:theme
		ADDED from src\main\AndroidManifest.xml:20:9-40
activity#com.atguigu.app05_handler.MainActivity
ADDED from src\main\AndroidManifest.xml:21:9-28:20
	android:label
		ADDED from src\main\AndroidManifest.xml:23:13-45
	android:name
		ADDED from src\main\AndroidManifest.xml:22:13-41
intent-filter#android.intent.action.MAIN+android.intent.category.LAUNCHER
ADDED from src\main\AndroidManifest.xml:24:13-27:29
action#android.intent.action.MAIN
ADDED from src\main\AndroidManifest.xml:25:17-69
	android:name
		ADDED from src\main\AndroidManifest.xml:25:25-66
category#android.intent.category.LAUNCHER
ADDED from src\main\AndroidManifest.xml:26:17-77
	android:name
		ADDED from src\main\AndroidManifest.xml:26:27-74